[openstudio.runmanager.RunManager] <-1> Time to load for uuid: {e8cfabec-c376-402e-a780-f8f7fb9e5ad4} 0
[openstudio.runmanager.RunManager] <-1> Time to parse tools for uuid: {e8cfabec-c376-402e-a780-f8f7fb9e5ad4} 0
[openstudio.runmanager.RunManager] <-1> Time to parse params for uuid: {e8cfabec-c376-402e-a780-f8f7fb9e5ad4} 0
[openstudio.runmanager.RunManager] <-1> Time to parse files for uuid: {e8cfabec-c376-402e-a780-f8f7fb9e5ad4} 0
[openstudio.runmanager.RunManager] <-1> Time to load for uuid: {c8ffacf8-5b3a-4680-9a66-707bba26710d} 0
[openstudio.runmanager.RunManager] <-1> Time to parse tools for uuid: {c8ffacf8-5b3a-4680-9a66-707bba26710d} 0
[openstudio.runmanager.RunManager] <-1> Time to parse params for uuid: {c8ffacf8-5b3a-4680-9a66-707bba26710d} 0
[openstudio.runmanager.RunManager] <-1> Time to parse files for uuid: {c8ffacf8-5b3a-4680-9a66-707bba26710d} 0
[openstudio.runmanager.RunManager] <-1> Time to load for uuid: {4731612c-9d84-4e03-8716-46f548f59f25} 0
[openstudio.runmanager.RunManager] <-1> Time to parse tools for uuid: {4731612c-9d84-4e03-8716-46f548f59f25} 0
[openstudio.runmanager.RunManager] <-2> Looking at path: C:/OpenStudio-BEopt/OpenStudio-Beopt/Sample Workflows/PAT slab_FINAL 175/.idf
[openstudio.runmanager.RunManager] <-2> Looking at path: C:/OpenStudio-BEopt/OpenStudio-Beopt/Sample Workflows/PAT slab_FINAL 175/measure.rb
[openstudio.runmanager.RunManager] <-2> Looking at path: C:/OpenStudio-BEopt/OpenStudio-Beopt/Sample Workflows/PAT slab_FINAL 175/ReportRequest/measure.rb
[openstudio.runmanager.RunManager] <-2> Looking at path: C:/OpenStudio-BEopt/OpenStudio-Beopt/Sample Workflows/PAT slab_FINAL 175/scripts/ReportRequest/measure.rb
[openstudio.runmanager.RunManager] <-2> Fixed up path from: C:/Users/dgoldwas/Documents/GitHub/OpenStudio-Beopt/Sample Workflows/PAT slab_FINAL 175/scripts/ReportRequest/measure.rb to C:/OpenStudio-BEopt/OpenStudio-Beopt/Sample Workflows/PAT slab_FINAL 175/scripts/ReportRequest/measure.rb
[openstudio.runmanager.RunManager] <-2> Looking at path: C:/OpenStudio-BEopt/OpenStudio-Beopt/Sample Workflows/PAT slab_FINAL 175/measure.rb
[openstudio.runmanager.RunManager] <-2> Looking at path: C:/OpenStudio-BEopt/OpenStudio-Beopt/Sample Workflows/PAT slab_FINAL 175/ReportRequest/measure.rb
[openstudio.runmanager.RunManager] <-2> Looking at path: C:/OpenStudio-BEopt/OpenStudio-Beopt/Sample Workflows/PAT slab_FINAL 175/scripts/ReportRequest/measure.rb
[openstudio.runmanager.RunManager] <-2> Fixed up path from: C:/Users/dgoldwas/Documents/GitHub/OpenStudio-Beopt/Sample Workflows/PAT slab_FINAL 175/scripts/ReportRequest/measure.rb to C:/OpenStudio-BEopt/OpenStudio-Beopt/Sample Workflows/PAT slab_FINAL 175/scripts/ReportRequest/measure.rb
[openstudio.runmanager.RunManager] <-2> Looking at path: C:/OpenStudio-BEopt/OpenStudio-Beopt/Sample Workflows/PAT slab_FINAL 175/UserScriptAdapter.rb
[openstudio.runmanager.RunManager] <-2> Looking at path: C:/OpenStudio-BEopt/OpenStudio-Beopt/Sample Workflows/PAT slab_FINAL 175/rubyscripts/UserScriptAdapter.rb
[openstudio.runmanager.RunManager] <-2> Looking at path: C:/OpenStudio-BEopt/OpenStudio-Beopt/Sample Workflows/PAT slab_FINAL 175/runmanager/rubyscripts/UserScriptAdapter.rb
[openstudio.runmanager.RunManager] <-2> Fixed up path from: C:/Program Files/OpenStudio 1.7.5/Ruby/openstudio/runmanager/rubyscripts/UserScriptAdapter.rb to C:/Program Files/OpenStudio 1.8.0/Ruby/openstudio/runmanager/rubyscripts/UserScriptAdapter.rb
[openstudio.runmanager.RunManager] <-1> Time to parse params for uuid: {4731612c-9d84-4e03-8716-46f548f59f25} 1
[openstudio.runmanager.RunManager] <-2> Looking at path: C:/OpenStudio-BEopt/OpenStudio-Beopt/Sample Workflows/PAT slab_FINAL 175/UserScriptAdapter.rb
[openstudio.runmanager.RunManager] <-2> Looking at path: C:/OpenStudio-BEopt/OpenStudio-Beopt/Sample Workflows/PAT slab_FINAL 175/rubyscripts/UserScriptAdapter.rb
[openstudio.runmanager.RunManager] <-2> Looking at path: C:/OpenStudio-BEopt/OpenStudio-Beopt/Sample Workflows/PAT slab_FINAL 175/runmanager/rubyscripts/UserScriptAdapter.rb
[openstudio.runmanager.RunManager] <-2> Fixed up path from: C:/Program Files/OpenStudio 1.7.5/Ruby/openstudio/runmanager/rubyscripts/UserScriptAdapter.rb to C:/Program Files/OpenStudio 1.8.0/Ruby/openstudio/runmanager/rubyscripts/UserScriptAdapter.rb
[openstudio.runmanager.RunManager] <-2> Looking at path: C:/OpenStudio-BEopt/OpenStudio-Beopt/Sample Workflows/PAT slab_FINAL 175/measure.rb
[openstudio.runmanager.RunManager] <-2> Looking at path: C:/OpenStudio-BEopt/OpenStudio-Beopt/Sample Workflows/PAT slab_FINAL 175/ReportRequest/measure.rb
[openstudio.runmanager.RunManager] <-2> Looking at path: C:/OpenStudio-BEopt/OpenStudio-Beopt/Sample Workflows/PAT slab_FINAL 175/scripts/ReportRequest/measure.rb
[openstudio.runmanager.RunManager] <-2> Fixed up path from: C:/Users/dgoldwas/Documents/GitHub/OpenStudio-Beopt/Sample Workflows/PAT slab_FINAL 175/scripts/ReportRequest/measure.rb to C:/OpenStudio-BEopt/OpenStudio-Beopt/Sample Workflows/PAT slab_FINAL 175/scripts/ReportRequest/measure.rb
[openstudio.runmanager.RunManager] <-1> Time to parse files for uuid: {4731612c-9d84-4e03-8716-46f548f59f25} 1
[openstudio.runmanager.RunManager] <-1> Time to load for uuid: {06311eca-884f-468c-bf81-e034b339e5f7} 0
[openstudio.runmanager.RunManager] <-1> Time to parse tools for uuid: {06311eca-884f-468c-bf81-e034b339e5f7} 0
[openstudio.runmanager.RunManager] <-1> Time to parse params for uuid: {06311eca-884f-468c-bf81-e034b339e5f7} 0
[openstudio.runmanager.RunManager] <-1> Time to parse files for uuid: {06311eca-884f-468c-bf81-e034b339e5f7} 0
[openstudio.runmanager.RunManager] <-1> Time to load for uuid: {a0d7437d-3700-4577-ad97-72b95a9b5b3d} 0
[openstudio.runmanager.RunManager] <-1> Time to parse tools for uuid: {a0d7437d-3700-4577-ad97-72b95a9b5b3d} 0
[openstudio.runmanager.RunManager] <-1> Time to parse params for uuid: {a0d7437d-3700-4577-ad97-72b95a9b5b3d} 0
[openstudio.runmanager.RunManager] <-1> Time to parse files for uuid: {a0d7437d-3700-4577-ad97-72b95a9b5b3d} 0
[openstudio.runmanager.RunManager] <-1> Time to load for uuid: {cf98b5f0-df10-488c-b4fe-d234c18ac267} 0
[openstudio.runmanager.RunManager] <-1> Time to parse tools for uuid: {cf98b5f0-df10-488c-b4fe-d234c18ac267} 0
[openstudio.runmanager.RunManager] <-2> Looking at path: C:/OpenStudio-BEopt/OpenStudio-Beopt/Sample Workflows/PAT slab_FINAL 175/.idf
[openstudio.runmanager.RunManager] <-2> Looking at path: C:/OpenStudio-BEopt/OpenStudio-Beopt/Sample Workflows/PAT slab_FINAL 175/.osm
[openstudio.runmanager.RunManager] <-2> Looking at path: C:/OpenStudio-BEopt/OpenStudio-Beopt/Sample Workflows/PAT slab_FINAL 175/Ruby
[openstudio.runmanager.RunManager] <-2> Looking at path: C:/OpenStudio-BEopt/OpenStudio-Beopt/Sample Workflows/PAT slab_FINAL 175/OpenStudio 1.7.5/Ruby
[openstudio.runmanager.RunManager] <-2> Looking at path: C:/OpenStudio-BEopt/OpenStudio-Beopt/Sample Workflows/PAT slab_FINAL 175/Program Files/OpenStudio 1.7.5/Ruby
[openstudio.runmanager.RunManager] <-2> Looking at path: C:/OpenStudio-BEopt/OpenStudio-Beopt/Sample Workflows/PAT slab_FINAL 175/Program Files/OpenStudio 1.7.5/Ruby
[openstudio.runmanager.RunManager] <-2> Looking at path: C:/OpenStudio-BEopt/OpenStudio-Beopt/Sample Workflows/PAT slab_FINAL 175/measure.rb
[openstudio.runmanager.RunManager] <-2> Looking at path: C:/OpenStudio-BEopt/OpenStudio-Beopt/Sample Workflows/PAT slab_FINAL 175/StandardReports/measure.rb
[openstudio.runmanager.RunManager] <-2> Looking at path: C:/OpenStudio-BEopt/OpenStudio-Beopt/Sample Workflows/PAT slab_FINAL 175/scripts/StandardReports/measure.rb
[openstudio.runmanager.RunManager] <-2> Fixed up path from: C:/Users/dgoldwas/Documents/GitHub/OpenStudio-Beopt/Sample Workflows/PAT slab_FINAL 175/scripts/StandardReports/measure.rb to C:/OpenStudio-BEopt/OpenStudio-Beopt/Sample Workflows/PAT slab_FINAL 175/scripts/StandardReports/measure.rb
[openstudio.runmanager.RunManager] <-2> Looking at path: C:/OpenStudio-BEopt/OpenStudio-Beopt/Sample Workflows/PAT slab_FINAL 175/report.html.in
[openstudio.runmanager.RunManager] <-2> Looking at path: C:/OpenStudio-BEopt/OpenStudio-Beopt/Sample Workflows/PAT slab_FINAL 175/resources/report.html.in
[openstudio.runmanager.RunManager] <-2> Looking at path: C:/OpenStudio-BEopt/OpenStudio-Beopt/Sample Workflows/PAT slab_FINAL 175/StandardReports/resources/report.html.in
[openstudio.runmanager.RunManager] <-2> Looking at path: C:/OpenStudio-BEopt/OpenStudio-Beopt/Sample Workflows/PAT slab_FINAL 175/scripts/StandardReports/resources/report.html.in
[openstudio.runmanager.RunManager] <-2> Fixed up path from: C:/Users/dgoldwas/Documents/GitHub/OpenStudio-Beopt/Sample Workflows/PAT slab_FINAL 175/scripts/StandardReports/resources/report.html.in to C:/OpenStudio-BEopt/OpenStudio-Beopt/Sample Workflows/PAT slab_FINAL 175/scripts/StandardReports/resources/report.html.in
[openstudio.runmanager.RunManager] <-2> Looking at path: C:/OpenStudio-BEopt/OpenStudio-Beopt/Sample Workflows/PAT slab_FINAL 175/report.html.in
[openstudio.runmanager.RunManager] <-2> Looking at path: C:/OpenStudio-BEopt/OpenStudio-Beopt/Sample Workflows/PAT slab_FINAL 175/measure.rb
[openstudio.runmanager.RunManager] <-2> Looking at path: C:/OpenStudio-BEopt/OpenStudio-Beopt/Sample Workflows/PAT slab_FINAL 175/StandardReports/measure.rb
[openstudio.runmanager.RunManager] <-2> Looking at path: C:/OpenStudio-BEopt/OpenStudio-Beopt/Sample Workflows/PAT slab_FINAL 175/scripts/StandardReports/measure.rb
[openstudio.runmanager.RunManager] <-2> Fixed up path from: C:/Users/dgoldwas/Documents/GitHub/OpenStudio-Beopt/Sample Workflows/PAT slab_FINAL 175/scripts/StandardReports/measure.rb to C:/OpenStudio-BEopt/OpenStudio-Beopt/Sample Workflows/PAT slab_FINAL 175/scripts/StandardReports/measure.rb
[openstudio.runmanager.RunManager] <-2> Looking at path: C:/OpenStudio-BEopt/OpenStudio-Beopt/Sample Workflows/PAT slab_FINAL 175/UserScriptAdapter.rb
[openstudio.runmanager.RunManager] <-2> Looking at path: C:/OpenStudio-BEopt/OpenStudio-Beopt/Sample Workflows/PAT slab_FINAL 175/rubyscripts/UserScriptAdapter.rb
[openstudio.runmanager.RunManager] <-2> Looking at path: C:/OpenStudio-BEopt/OpenStudio-Beopt/Sample Workflows/PAT slab_FINAL 175/runmanager/rubyscripts/UserScriptAdapter.rb
[openstudio.runmanager.RunManager] <-2> Fixed up path from: C:/Program Files/OpenStudio 1.7.5/Ruby/openstudio/runmanager/rubyscripts/UserScriptAdapter.rb to C:/Program Files/OpenStudio 1.8.0/Ruby/openstudio/runmanager/rubyscripts/UserScriptAdapter.rb
[openstudio.runmanager.RunManager] <-1> Time to parse params for uuid: {cf98b5f0-df10-488c-b4fe-d234c18ac267} 2
[openstudio.runmanager.RunManager] <-2> Looking at path: C:/OpenStudio-BEopt/OpenStudio-Beopt/Sample Workflows/PAT slab_FINAL 175/UserScriptAdapter.rb
[openstudio.runmanager.RunManager] <-2> Looking at path: C:/OpenStudio-BEopt/OpenStudio-Beopt/Sample Workflows/PAT slab_FINAL 175/rubyscripts/UserScriptAdapter.rb
[openstudio.runmanager.RunManager] <-2> Looking at path: C:/OpenStudio-BEopt/OpenStudio-Beopt/Sample Workflows/PAT slab_FINAL 175/runmanager/rubyscripts/UserScriptAdapter.rb
[openstudio.runmanager.RunManager] <-2> Fixed up path from: C:/Program Files/OpenStudio 1.7.5/Ruby/openstudio/runmanager/rubyscripts/UserScriptAdapter.rb to C:/Program Files/OpenStudio 1.8.0/Ruby/openstudio/runmanager/rubyscripts/UserScriptAdapter.rb
[openstudio.runmanager.RunManager] <-2> Looking at path: C:/OpenStudio-BEopt/OpenStudio-Beopt/Sample Workflows/PAT slab_FINAL 175/measure.rb
[openstudio.runmanager.RunManager] <-2> Looking at path: C:/OpenStudio-BEopt/OpenStudio-Beopt/Sample Workflows/PAT slab_FINAL 175/StandardReports/measure.rb
[openstudio.runmanager.RunManager] <-2> Looking at path: C:/OpenStudio-BEopt/OpenStudio-Beopt/Sample Workflows/PAT slab_FINAL 175/scripts/StandardReports/measure.rb
[openstudio.runmanager.RunManager] <-2> Fixed up path from: C:/Users/dgoldwas/Documents/GitHub/OpenStudio-Beopt/Sample Workflows/PAT slab_FINAL 175/scripts/StandardReports/measure.rb to C:/OpenStudio-BEopt/OpenStudio-Beopt/Sample Workflows/PAT slab_FINAL 175/scripts/StandardReports/measure.rb
[openstudio.runmanager.RunManager] <-2> Looking at path: C:/OpenStudio-BEopt/OpenStudio-Beopt/Sample Workflows/PAT slab_FINAL 175/report.html.in
[openstudio.runmanager.RunManager] <-2> Looking at path: C:/OpenStudio-BEopt/OpenStudio-Beopt/Sample Workflows/PAT slab_FINAL 175/resources/report.html.in
[openstudio.runmanager.RunManager] <-2> Looking at path: C:/OpenStudio-BEopt/OpenStudio-Beopt/Sample Workflows/PAT slab_FINAL 175/StandardReports/resources/report.html.in
[openstudio.runmanager.RunManager] <-2> Looking at path: C:/OpenStudio-BEopt/OpenStudio-Beopt/Sample Workflows/PAT slab_FINAL 175/scripts/StandardReports/resources/report.html.in
[openstudio.runmanager.RunManager] <-2> Fixed up path from: C:/Users/dgoldwas/Documents/GitHub/OpenStudio-Beopt/Sample Workflows/PAT slab_FINAL 175/scripts/StandardReports/resources/report.html.in to C:/OpenStudio-BEopt/OpenStudio-Beopt/Sample Workflows/PAT slab_FINAL 175/scripts/StandardReports/resources/report.html.in
[openstudio.runmanager.RunManager] <-1> Time to parse files for uuid: {cf98b5f0-df10-488c-b4fe-d234c18ac267} 1
[openstudio.runmanager.RunManager] <-1> Time to load for uuid: {51b5114f-4ed8-4c62-85a9-3848fd979242} 0
[openstudio.runmanager.RunManager] <-1> Time to parse tools for uuid: {51b5114f-4ed8-4c62-85a9-3848fd979242} 0
[openstudio.runmanager.RunManager] <-1> Time to parse params for uuid: {51b5114f-4ed8-4c62-85a9-3848fd979242} 0
[openstudio.runmanager.RunManager] <-1> Time to parse files for uuid: {51b5114f-4ed8-4c62-85a9-3848fd979242} 0
[openstudio.runmanager.RunManager] <-1> Time to load for uuid: {e8cfabec-c376-402e-a780-f8f7fb9e5ad4} 0
[openstudio.runmanager.RunManager] <-1> Time to parse tools for uuid: {e8cfabec-c376-402e-a780-f8f7fb9e5ad4} 0
[openstudio.runmanager.RunManager] <-1> Time to parse params for uuid: {e8cfabec-c376-402e-a780-f8f7fb9e5ad4} 0
[openstudio.runmanager.RunManager] <-1> Time to parse files for uuid: {e8cfabec-c376-402e-a780-f8f7fb9e5ad4} 0
[openstudio.runmanager.RunManager] <-1> Time to load for uuid: {c8ffacf8-5b3a-4680-9a66-707bba26710d} 0
[openstudio.runmanager.RunManager] <-1> Time to parse tools for uuid: {c8ffacf8-5b3a-4680-9a66-707bba26710d} 0
[openstudio.runmanager.RunManager] <-1> Time to parse params for uuid: {c8ffacf8-5b3a-4680-9a66-707bba26710d} 0
[openstudio.runmanager.RunManager] <-1> Time to parse files for uuid: {c8ffacf8-5b3a-4680-9a66-707bba26710d} 0
[openstudio.runmanager.RunManager] <-1> Time to load for uuid: {4731612c-9d84-4e03-8716-46f548f59f25} 0
[openstudio.runmanager.RunManager] <-1> Time to parse tools for uuid: {4731612c-9d84-4e03-8716-46f548f59f25} 0
[openstudio.runmanager.RunManager] <-2> Looking at path: C:/OpenStudio-BEopt/OpenStudio-Beopt/Sample Workflows/PAT slab_FINAL 175/.idf
[openstudio.runmanager.RunManager] <-2> Looking at path: C:/OpenStudio-BEopt/OpenStudio-Beopt/Sample Workflows/PAT slab_FINAL 175/measure.rb
[openstudio.runmanager.RunManager] <-2> Looking at path: C:/OpenStudio-BEopt/OpenStudio-Beopt/Sample Workflows/PAT slab_FINAL 175/ReportRequest/measure.rb
[openstudio.runmanager.RunManager] <-2> Looking at path: C:/OpenStudio-BEopt/OpenStudio-Beopt/Sample Workflows/PAT slab_FINAL 175/scripts/ReportRequest/measure.rb
[openstudio.runmanager.RunManager] <-2> Fixed up path from: C:/Users/dgoldwas/Documents/GitHub/OpenStudio-Beopt/Sample Workflows/PAT slab_FINAL 175/scripts/ReportRequest/measure.rb to C:/OpenStudio-BEopt/OpenStudio-Beopt/Sample Workflows/PAT slab_FINAL 175/scripts/ReportRequest/measure.rb
[openstudio.runmanager.RunManager] <-2> Looking at path: C:/OpenStudio-BEopt/OpenStudio-Beopt/Sample Workflows/PAT slab_FINAL 175/measure.rb
[openstudio.runmanager.RunManager] <-2> Looking at path: C:/OpenStudio-BEopt/OpenStudio-Beopt/Sample Workflows/PAT slab_FINAL 175/ReportRequest/measure.rb
[openstudio.runmanager.RunManager] <-2> Looking at path: C:/OpenStudio-BEopt/OpenStudio-Beopt/Sample Workflows/PAT slab_FINAL 175/scripts/ReportRequest/measure.rb
[openstudio.runmanager.RunManager] <-2> Fixed up path from: C:/Users/dgoldwas/Documents/GitHub/OpenStudio-Beopt/Sample Workflows/PAT slab_FINAL 175/scripts/ReportRequest/measure.rb to C:/OpenStudio-BEopt/OpenStudio-Beopt/Sample Workflows/PAT slab_FINAL 175/scripts/ReportRequest/measure.rb
[openstudio.runmanager.RunManager] <-2> Looking at path: C:/OpenStudio-BEopt/OpenStudio-Beopt/Sample Workflows/PAT slab_FINAL 175/UserScriptAdapter.rb
[openstudio.runmanager.RunManager] <-2> Looking at path: C:/OpenStudio-BEopt/OpenStudio-Beopt/Sample Workflows/PAT slab_FINAL 175/rubyscripts/UserScriptAdapter.rb
[openstudio.runmanager.RunManager] <-2> Looking at path: C:/OpenStudio-BEopt/OpenStudio-Beopt/Sample Workflows/PAT slab_FINAL 175/runmanager/rubyscripts/UserScriptAdapter.rb
[openstudio.runmanager.RunManager] <-2> Fixed up path from: C:/Program Files/OpenStudio 1.7.5/Ruby/openstudio/runmanager/rubyscripts/UserScriptAdapter.rb to C:/Program Files/OpenStudio 1.8.0/Ruby/openstudio/runmanager/rubyscripts/UserScriptAdapter.rb
[openstudio.runmanager.RunManager] <-1> Time to parse params for uuid: {4731612c-9d84-4e03-8716-46f548f59f25} 2
[openstudio.runmanager.RunManager] <-2> Looking at path: C:/OpenStudio-BEopt/OpenStudio-Beopt/Sample Workflows/PAT slab_FINAL 175/UserScriptAdapter.rb
[openstudio.runmanager.RunManager] <-2> Looking at path: C:/OpenStudio-BEopt/OpenStudio-Beopt/Sample Workflows/PAT slab_FINAL 175/rubyscripts/UserScriptAdapter.rb
[openstudio.runmanager.RunManager] <-2> Looking at path: C:/OpenStudio-BEopt/OpenStudio-Beopt/Sample Workflows/PAT slab_FINAL 175/runmanager/rubyscripts/UserScriptAdapter.rb
[openstudio.runmanager.RunManager] <-2> Fixed up path from: C:/Program Files/OpenStudio 1.7.5/Ruby/openstudio/runmanager/rubyscripts/UserScriptAdapter.rb to C:/Program Files/OpenStudio 1.8.0/Ruby/openstudio/runmanager/rubyscripts/UserScriptAdapter.rb
[openstudio.runmanager.RunManager] <-2> Looking at path: C:/OpenStudio-BEopt/OpenStudio-Beopt/Sample Workflows/PAT slab_FINAL 175/measure.rb
[openstudio.runmanager.RunManager] <-2> Looking at path: C:/OpenStudio-BEopt/OpenStudio-Beopt/Sample Workflows/PAT slab_FINAL 175/ReportRequest/measure.rb
[openstudio.runmanager.RunManager] <-2> Looking at path: C:/OpenStudio-BEopt/OpenStudio-Beopt/Sample Workflows/PAT slab_FINAL 175/scripts/ReportRequest/measure.rb
[openstudio.runmanager.RunManager] <-2> Fixed up path from: C:/Users/dgoldwas/Documents/GitHub/OpenStudio-Beopt/Sample Workflows/PAT slab_FINAL 175/scripts/ReportRequest/measure.rb to C:/OpenStudio-BEopt/OpenStudio-Beopt/Sample Workflows/PAT slab_FINAL 175/scripts/ReportRequest/measure.rb
[openstudio.runmanager.RunManager] <-1> Time to parse files for uuid: {4731612c-9d84-4e03-8716-46f548f59f25} 1
[openstudio.runmanager.RunManager] <-1> Time to load for uuid: {06311eca-884f-468c-bf81-e034b339e5f7} 0
[openstudio.runmanager.RunManager] <-1> Time to parse tools for uuid: {06311eca-884f-468c-bf81-e034b339e5f7} 0
[openstudio.runmanager.RunManager] <-1> Time to parse params for uuid: {06311eca-884f-468c-bf81-e034b339e5f7} 0
[openstudio.runmanager.RunManager] <-1> Time to parse files for uuid: {06311eca-884f-468c-bf81-e034b339e5f7} 0
[openstudio.runmanager.RunManager] <-1> Time to load for uuid: {a0d7437d-3700-4577-ad97-72b95a9b5b3d} 0
[openstudio.runmanager.RunManager] <-1> Time to parse tools for uuid: {a0d7437d-3700-4577-ad97-72b95a9b5b3d} 0
[openstudio.runmanager.RunManager] <-1> Time to parse params for uuid: {a0d7437d-3700-4577-ad97-72b95a9b5b3d} 0
[openstudio.runmanager.RunManager] <-1> Time to parse files for uuid: {a0d7437d-3700-4577-ad97-72b95a9b5b3d} 0
[openstudio.runmanager.RunManager] <-1> Time to load for uuid: {cf98b5f0-df10-488c-b4fe-d234c18ac267} 0
[openstudio.runmanager.RunManager] <-1> Time to parse tools for uuid: {cf98b5f0-df10-488c-b4fe-d234c18ac267} 0
[openstudio.runmanager.RunManager] <-2> Looking at path: C:/OpenStudio-BEopt/OpenStudio-Beopt/Sample Workflows/PAT slab_FINAL 175/.idf
[openstudio.runmanager.RunManager] <-2> Looking at path: C:/OpenStudio-BEopt/OpenStudio-Beopt/Sample Workflows/PAT slab_FINAL 175/.osm
[openstudio.runmanager.RunManager] <-2> Looking at path: C:/OpenStudio-BEopt/OpenStudio-Beopt/Sample Workflows/PAT slab_FINAL 175/Ruby
[openstudio.runmanager.RunManager] <-2> Looking at path: C:/OpenStudio-BEopt/OpenStudio-Beopt/Sample Workflows/PAT slab_FINAL 175/OpenStudio 1.7.5/Ruby
[openstudio.runmanager.RunManager] <-2> Looking at path: C:/OpenStudio-BEopt/OpenStudio-Beopt/Sample Workflows/PAT slab_FINAL 175/Program Files/OpenStudio 1.7.5/Ruby
[openstudio.runmanager.RunManager] <-2> Looking at path: C:/OpenStudio-BEopt/OpenStudio-Beopt/Sample Workflows/PAT slab_FINAL 175/Program Files/OpenStudio 1.7.5/Ruby
[openstudio.runmanager.RunManager] <-2> Looking at path: C:/OpenStudio-BEopt/OpenStudio-Beopt/Sample Workflows/PAT slab_FINAL 175/measure.rb
[openstudio.runmanager.RunManager] <-2> Looking at path: C:/OpenStudio-BEopt/OpenStudio-Beopt/Sample Workflows/PAT slab_FINAL 175/StandardReports/measure.rb
[openstudio.runmanager.RunManager] <-2> Looking at path: C:/OpenStudio-BEopt/OpenStudio-Beopt/Sample Workflows/PAT slab_FINAL 175/scripts/StandardReports/measure.rb
[openstudio.runmanager.RunManager] <-2> Fixed up path from: C:/Users/dgoldwas/Documents/GitHub/OpenStudio-Beopt/Sample Workflows/PAT slab_FINAL 175/scripts/StandardReports/measure.rb to C:/OpenStudio-BEopt/OpenStudio-Beopt/Sample Workflows/PAT slab_FINAL 175/scripts/StandardReports/measure.rb
[openstudio.runmanager.RunManager] <-2> Looking at path: C:/OpenStudio-BEopt/OpenStudio-Beopt/Sample Workflows/PAT slab_FINAL 175/report.html.in
[openstudio.runmanager.RunManager] <-2> Looking at path: C:/OpenStudio-BEopt/OpenStudio-Beopt/Sample Workflows/PAT slab_FINAL 175/resources/report.html.in
[openstudio.runmanager.RunManager] <-2> Looking at path: C:/OpenStudio-BEopt/OpenStudio-Beopt/Sample Workflows/PAT slab_FINAL 175/StandardReports/resources/report.html.in
[openstudio.runmanager.RunManager] <-2> Looking at path: C:/OpenStudio-BEopt/OpenStudio-Beopt/Sample Workflows/PAT slab_FINAL 175/scripts/StandardReports/resources/report.html.in
[openstudio.runmanager.RunManager] <-2> Fixed up path from: C:/Users/dgoldwas/Documents/GitHub/OpenStudio-Beopt/Sample Workflows/PAT slab_FINAL 175/scripts/StandardReports/resources/report.html.in to C:/OpenStudio-BEopt/OpenStudio-Beopt/Sample Workflows/PAT slab_FINAL 175/scripts/StandardReports/resources/report.html.in
[openstudio.runmanager.RunManager] <-2> Looking at path: C:/OpenStudio-BEopt/OpenStudio-Beopt/Sample Workflows/PAT slab_FINAL 175/report.html.in
[openstudio.runmanager.RunManager] <-2> Looking at path: C:/OpenStudio-BEopt/OpenStudio-Beopt/Sample Workflows/PAT slab_FINAL 175/measure.rb
[openstudio.runmanager.RunManager] <-2> Looking at path: C:/OpenStudio-BEopt/OpenStudio-Beopt/Sample Workflows/PAT slab_FINAL 175/StandardReports/measure.rb
[openstudio.runmanager.RunManager] <-2> Looking at path: C:/OpenStudio-BEopt/OpenStudio-Beopt/Sample Workflows/PAT slab_FINAL 175/scripts/StandardReports/measure.rb
[openstudio.runmanager.RunManager] <-2> Fixed up path from: C:/Users/dgoldwas/Documents/GitHub/OpenStudio-Beopt/Sample Workflows/PAT slab_FINAL 175/scripts/StandardReports/measure.rb to C:/OpenStudio-BEopt/OpenStudio-Beopt/Sample Workflows/PAT slab_FINAL 175/scripts/StandardReports/measure.rb
[openstudio.runmanager.RunManager] <-2> Looking at path: C:/OpenStudio-BEopt/OpenStudio-Beopt/Sample Workflows/PAT slab_FINAL 175/UserScriptAdapter.rb
[openstudio.runmanager.RunManager] <-2> Looking at path: C:/OpenStudio-BEopt/OpenStudio-Beopt/Sample Workflows/PAT slab_FINAL 175/rubyscripts/UserScriptAdapter.rb
[openstudio.runmanager.RunManager] <-2> Looking at path: C:/OpenStudio-BEopt/OpenStudio-Beopt/Sample Workflows/PAT slab_FINAL 175/runmanager/rubyscripts/UserScriptAdapter.rb
[openstudio.runmanager.RunManager] <-2> Fixed up path from: C:/Program Files/OpenStudio 1.7.5/Ruby/openstudio/runmanager/rubyscripts/UserScriptAdapter.rb to C:/Program Files/OpenStudio 1.8.0/Ruby/openstudio/runmanager/rubyscripts/UserScriptAdapter.rb
[openstudio.runmanager.RunManager] <-1> Time to parse params for uuid: {cf98b5f0-df10-488c-b4fe-d234c18ac267} 2
[openstudio.runmanager.RunManager] <-2> Looking at path: C:/OpenStudio-BEopt/OpenStudio-Beopt/Sample Workflows/PAT slab_FINAL 175/UserScriptAdapter.rb
[openstudio.runmanager.RunManager] <-2> Looking at path: C:/OpenStudio-BEopt/OpenStudio-Beopt/Sample Workflows/PAT slab_FINAL 175/rubyscripts/UserScriptAdapter.rb
[openstudio.runmanager.RunManager] <-2> Looking at path: C:/OpenStudio-BEopt/OpenStudio-Beopt/Sample Workflows/PAT slab_FINAL 175/runmanager/rubyscripts/UserScriptAdapter.rb
[openstudio.runmanager.RunManager] <-2> Fixed up path from: C:/Program Files/OpenStudio 1.7.5/Ruby/openstudio/runmanager/rubyscripts/UserScriptAdapter.rb to C:/Program Files/OpenStudio 1.8.0/Ruby/openstudio/runmanager/rubyscripts/UserScriptAdapter.rb
[openstudio.runmanager.RunManager] <-2> Looking at path: C:/OpenStudio-BEopt/OpenStudio-Beopt/Sample Workflows/PAT slab_FINAL 175/measure.rb
[openstudio.runmanager.RunManager] <-2> Looking at path: C:/OpenStudio-BEopt/OpenStudio-Beopt/Sample Workflows/PAT slab_FINAL 175/StandardReports/measure.rb
[openstudio.runmanager.RunManager] <-2> Looking at path: C:/OpenStudio-BEopt/OpenStudio-Beopt/Sample Workflows/PAT slab_FINAL 175/scripts/StandardReports/measure.rb
[openstudio.runmanager.RunManager] <-2> Fixed up path from: C:/Users/dgoldwas/Documents/GitHub/OpenStudio-Beopt/Sample Workflows/PAT slab_FINAL 175/scripts/StandardReports/measure.rb to C:/OpenStudio-BEopt/OpenStudio-Beopt/Sample Workflows/PAT slab_FINAL 175/scripts/StandardReports/measure.rb
[openstudio.runmanager.RunManager] <-2> Looking at path: C:/OpenStudio-BEopt/OpenStudio-Beopt/Sample Workflows/PAT slab_FINAL 175/report.html.in
[openstudio.runmanager.RunManager] <-2> Looking at path: C:/OpenStudio-BEopt/OpenStudio-Beopt/Sample Workflows/PAT slab_FINAL 175/resources/report.html.in
[openstudio.runmanager.RunManager] <-2> Looking at path: C:/OpenStudio-BEopt/OpenStudio-Beopt/Sample Workflows/PAT slab_FINAL 175/StandardReports/resources/report.html.in
[openstudio.runmanager.RunManager] <-2> Looking at path: C:/OpenStudio-BEopt/OpenStudio-Beopt/Sample Workflows/PAT slab_FINAL 175/scripts/StandardReports/resources/report.html.in
[openstudio.runmanager.RunManager] <-2> Fixed up path from: C:/Users/dgoldwas/Documents/GitHub/OpenStudio-Beopt/Sample Workflows/PAT slab_FINAL 175/scripts/StandardReports/resources/report.html.in to C:/OpenStudio-BEopt/OpenStudio-Beopt/Sample Workflows/PAT slab_FINAL 175/scripts/StandardReports/resources/report.html.in
[openstudio.runmanager.RunManager] <-1> Time to parse files for uuid: {cf98b5f0-df10-488c-b4fe-d234c18ac267} 1
[openstudio.runmanager.RunManager] <-1> Time to load for uuid: {51b5114f-4ed8-4c62-85a9-3848fd979242} 0
[openstudio.runmanager.RunManager] <-1> Time to parse tools for uuid: {51b5114f-4ed8-4c62-85a9-3848fd979242} 0
[openstudio.runmanager.RunManager] <-1> Time to parse params for uuid: {51b5114f-4ed8-4c62-85a9-3848fd979242} 0
[openstudio.runmanager.RunManager] <-1> Time to parse files for uuid: {51b5114f-4ed8-4c62-85a9-3848fd979242} 0
[utilities.bcl.BCLMeasure] <-2> Loading measures in path: C:/Program Files/OpenStudio 1.8.0/share/openstudio-1.8.0/pat/Measures/
[utilities.bcl.BCLMeasure] <-2> Attempting to load measure: C:/Program Files/OpenStudio 1.8.0/share/openstudio-1.8.0/pat/Measures/CalibrationReports
[utilities.bcl.BCLMeasure] <-2> Success loading measure: C:/Program Files/OpenStudio 1.8.0/share/openstudio-1.8.0/pat/Measures/CalibrationReports
[utilities.bcl.BCLMeasure] <-2> Attempting to load measure: C:/Program Files/OpenStudio 1.8.0/share/openstudio-1.8.0/pat/Measures/ReplaceModel
[utilities.bcl.BCLMeasure] <-2> Success loading measure: C:/Program Files/OpenStudio 1.8.0/share/openstudio-1.8.0/pat/Measures/ReplaceModel
[utilities.bcl.BCLMeasure] <-2> Attempting to load measure: C:/Program Files/OpenStudio 1.8.0/share/openstudio-1.8.0/pat/Measures/ReportRequest
[utilities.bcl.BCLMeasure] <-2> Success loading measure: C:/Program Files/OpenStudio 1.8.0/share/openstudio-1.8.0/pat/Measures/ReportRequest
[utilities.bcl.BCLMeasure] <-2> Attempting to load measure: C:/Program Files/OpenStudio 1.8.0/share/openstudio-1.8.0/pat/Measures/StandardReports
[utilities.bcl.BCLMeasure] <-2> Success loading measure: C:/Program Files/OpenStudio 1.8.0/share/openstudio-1.8.0/pat/Measures/StandardReports
[utilities.bcl.BCLMeasure] <-2> Loading measures in path: C:/CSuite/measures
[openstudio.MeasureManager] <1> UUID of user measure at 'C:/Users/jrobert1/BCL/e6642d40-7366-4647-8724-53a37991d579/662dc30c-678c-467d-a6be-15e075a3885b' conflicts with other measure, other measure will be used instead
[openstudio.MeasureManager] <1> UUID of user measure at 'C:/Users/jrobert1/BCL/fc337100-8634-404e-8966-01243d292a79/c418b65d-aa8d-41c2-98b3-7ae3af82a788' conflicts with other measure, other measure will be used instead
[openstudio.MeasureManager] <1> UUID of user measure at 'C:/Users/jrobert1/BCL/e6642d40-7366-4647-8724-53a37991d579/662dc30c-678c-467d-a6be-15e075a3885b' conflicts with other measure, other measure will be used instead
[openstudio.MeasureManager] <1> UUID of user measure at 'C:/Users/jrobert1/BCL/fc337100-8634-404e-8966-01243d292a79/c418b65d-aa8d-41c2-98b3-7ae3af82a788' conflicts with other measure, other measure will be used instead
[openstudio.MeasureManager] <1> UUID of user measure at 'C:/Users/jrobert1/BCL/e6642d40-7366-4647-8724-53a37991d579/662dc30c-678c-467d-a6be-15e075a3885b' conflicts with other measure, other measure will be used instead
[openstudio.MeasureManager] <1> UUID of user measure at 'C:/Users/jrobert1/BCL/fc337100-8634-404e-8966-01243d292a79/c418b65d-aa8d-41c2-98b3-7ae3af82a788' conflicts with other measure, other measure will be used instead
[openstudio.MeasureManager] <1> UUID of user measure at 'C:/Users/jrobert1/BCL/e6642d40-7366-4647-8724-53a37991d579/662dc30c-678c-467d-a6be-15e075a3885b' conflicts with other measure, other measure will be used instead
[openstudio.MeasureManager] <1> UUID of user measure at 'C:/Users/jrobert1/BCL/fc337100-8634-404e-8966-01243d292a79/c418b65d-aa8d-41c2-98b3-7ae3af82a788' conflicts with other measure, other measure will be used instead
[openstudio.MeasureManager] <1> UUID of user measure at 'C:/Users/jrobert1/BCL/e6642d40-7366-4647-8724-53a37991d579/662dc30c-678c-467d-a6be-15e075a3885b' conflicts with other measure, other measure will be used instead
[openstudio.MeasureManager] <1> UUID of user measure at 'C:/Users/jrobert1/BCL/fc337100-8634-404e-8966-01243d292a79/c418b65d-aa8d-41c2-98b3-7ae3af82a788' conflicts with other measure, other measure will be used instead
[openstudio.MeasureManager] <1> UUID of user measure at 'C:/Users/jrobert1/BCL/e6642d40-7366-4647-8724-53a37991d579/662dc30c-678c-467d-a6be-15e075a3885b' conflicts with other measure, other measure will be used instead
[openstudio.MeasureManager] <1> UUID of user measure at 'C:/Users/jrobert1/BCL/fc337100-8634-404e-8966-01243d292a79/c418b65d-aa8d-41c2-98b3-7ae3af82a788' conflicts with other measure, other measure will be used instead
[openstudio.MeasureManager] <1> UUID of user measure at 'C:/Users/jrobert1/BCL/e6642d40-7366-4647-8724-53a37991d579/662dc30c-678c-467d-a6be-15e075a3885b' conflicts with other measure, other measure will be used instead
[openstudio.MeasureManager] <1> UUID of user measure at 'C:/Users/jrobert1/BCL/fc337100-8634-404e-8966-01243d292a79/c418b65d-aa8d-41c2-98b3-7ae3af82a788' conflicts with other measure, other measure will be used instead
[openstudio.MeasureManager] <1> UUID of user measure at 'C:/Users/jrobert1/BCL/e6642d40-7366-4647-8724-53a37991d579/662dc30c-678c-467d-a6be-15e075a3885b' conflicts with other measure, other measure will be used instead
[openstudio.MeasureManager] <1> UUID of user measure at 'C:/Users/jrobert1/BCL/fc337100-8634-404e-8966-01243d292a79/c418b65d-aa8d-41c2-98b3-7ae3af82a788' conflicts with other measure, other measure will be used instead
[openstudio.MeasureManager] <1> UUID of user measure at 'C:/Users/jrobert1/BCL/e6642d40-7366-4647-8724-53a37991d579/662dc30c-678c-467d-a6be-15e075a3885b' conflicts with other measure, other measure will be used instead
[openstudio.MeasureManager] <1> UUID of user measure at 'C:/Users/jrobert1/BCL/fc337100-8634-404e-8966-01243d292a79/c418b65d-aa8d-41c2-98b3-7ae3af82a788' conflicts with other measure, other measure will be used instead
[openstudio.MeasureManager] <1> UUID of user measure at 'C:/Users/jrobert1/BCL/e6642d40-7366-4647-8724-53a37991d579/662dc30c-678c-467d-a6be-15e075a3885b' conflicts with other measure, other measure will be used instead
[openstudio.MeasureManager] <1> UUID of user measure at 'C:/Users/jrobert1/BCL/fc337100-8634-404e-8966-01243d292a79/c418b65d-aa8d-41c2-98b3-7ae3af82a788' conflicts with other measure, other measure will be used instead
[openstudio.MeasureManager] <1> UUID of user measure at 'C:/Users/jrobert1/BCL/e6642d40-7366-4647-8724-53a37991d579/662dc30c-678c-467d-a6be-15e075a3885b' conflicts with other measure, other measure will be used instead
[openstudio.MeasureManager] <1> UUID of user measure at 'C:/Users/jrobert1/BCL/fc337100-8634-404e-8966-01243d292a79/c418b65d-aa8d-41c2-98b3-7ae3af82a788' conflicts with other measure, other measure will be used instead
[openstudio.MeasureManager] <1> UUID of user measure at 'C:/Users/jrobert1/BCL/e6642d40-7366-4647-8724-53a37991d579/662dc30c-678c-467d-a6be-15e075a3885b' conflicts with other measure, other measure will be used instead
[openstudio.MeasureManager] <1> UUID of user measure at 'C:/Users/jrobert1/BCL/fc337100-8634-404e-8966-01243d292a79/c418b65d-aa8d-41c2-98b3-7ae3af82a788' conflicts with other measure, other measure will be used instead
[openstudio.MeasureManager] <1> UUID of user measure at 'C:/Users/jrobert1/BCL/e6642d40-7366-4647-8724-53a37991d579/662dc30c-678c-467d-a6be-15e075a3885b' conflicts with other measure, other measure will be used instead
[openstudio.MeasureManager] <1> UUID of user measure at 'C:/Users/jrobert1/BCL/fc337100-8634-404e-8966-01243d292a79/c418b65d-aa8d-41c2-98b3-7ae3af82a788' conflicts with other measure, other measure will be used instead
[openstudio.MeasureManager] <1> UUID of user measure at 'C:/Users/jrobert1/BCL/e6642d40-7366-4647-8724-53a37991d579/662dc30c-678c-467d-a6be-15e075a3885b' conflicts with other measure, other measure will be used instead
[openstudio.MeasureManager] <1> UUID of user measure at 'C:/Users/jrobert1/BCL/fc337100-8634-404e-8966-01243d292a79/c418b65d-aa8d-41c2-98b3-7ae3af82a788' conflicts with other measure, other measure will be used instead
[openstudio.MeasureManager] <1> UUID of user measure at 'C:/Users/jrobert1/BCL/e6642d40-7366-4647-8724-53a37991d579/662dc30c-678c-467d-a6be-15e075a3885b' conflicts with other measure, other measure will be used instead
[openstudio.MeasureManager] <1> UUID of user measure at 'C:/Users/jrobert1/BCL/fc337100-8634-404e-8966-01243d292a79/c418b65d-aa8d-41c2-98b3-7ae3af82a788' conflicts with other measure, other measure will be used instead
[openstudio.MeasureManager] <1> UUID of user measure at 'C:/Users/jrobert1/BCL/e6642d40-7366-4647-8724-53a37991d579/662dc30c-678c-467d-a6be-15e075a3885b' conflicts with other measure, other measure will be used instead
[openstudio.MeasureManager] <1> UUID of user measure at 'C:/Users/jrobert1/BCL/fc337100-8634-404e-8966-01243d292a79/c418b65d-aa8d-41c2-98b3-7ae3af82a788' conflicts with other measure, other measure will be used instead
[openstudio.MeasureManager] <1> UUID of user measure at 'C:/Users/jrobert1/BCL/e6642d40-7366-4647-8724-53a37991d579/662dc30c-678c-467d-a6be-15e075a3885b' conflicts with other measure, other measure will be used instead
[openstudio.MeasureManager] <1> UUID of user measure at 'C:/Users/jrobert1/BCL/fc337100-8634-404e-8966-01243d292a79/c418b65d-aa8d-41c2-98b3-7ae3af82a788' conflicts with other measure, other measure will be used instead
[openstudio.MeasureManager] <1> UUID of user measure at 'C:/Users/jrobert1/BCL/e6642d40-7366-4647-8724-53a37991d579/662dc30c-678c-467d-a6be-15e075a3885b' conflicts with other measure, other measure will be used instead
[openstudio.MeasureManager] <1> UUID of user measure at 'C:/Users/jrobert1/BCL/fc337100-8634-404e-8966-01243d292a79/c418b65d-aa8d-41c2-98b3-7ae3af82a788' conflicts with other measure, other measure will be used instead
[openstudio.MeasureManager] <1> UUID of user measure at 'C:/Users/jrobert1/BCL/e6642d40-7366-4647-8724-53a37991d579/662dc30c-678c-467d-a6be-15e075a3885b' conflicts with other measure, other measure will be used instead
[openstudio.MeasureManager] <1> UUID of user measure at 'C:/Users/jrobert1/BCL/fc337100-8634-404e-8966-01243d292a79/c418b65d-aa8d-41c2-98b3-7ae3af82a788' conflicts with other measure, other measure will be used instead
[openstudio.MeasureManager] <1> UUID of user measure at 'C:/Users/jrobert1/BCL/e6642d40-7366-4647-8724-53a37991d579/662dc30c-678c-467d-a6be-15e075a3885b' conflicts with other measure, other measure will be used instead
[openstudio.MeasureManager] <1> UUID of user measure at 'C:/Users/jrobert1/BCL/fc337100-8634-404e-8966-01243d292a79/c418b65d-aa8d-41c2-98b3-7ae3af82a788' conflicts with other measure, other measure will be used instead
[openstudio.MeasureManager] <1> UUID of user measure at 'C:/Users/jrobert1/BCL/e6642d40-7366-4647-8724-53a37991d579/662dc30c-678c-467d-a6be-15e075a3885b' conflicts with other measure, other measure will be used instead
[openstudio.MeasureManager] <1> UUID of user measure at 'C:/Users/jrobert1/BCL/fc337100-8634-404e-8966-01243d292a79/c418b65d-aa8d-41c2-98b3-7ae3af82a788' conflicts with other measure, other measure will be used instead
[openstudio.MeasureManager] <1> UUID of user measure at 'C:/Users/jrobert1/BCL/e6642d40-7366-4647-8724-53a37991d579/662dc30c-678c-467d-a6be-15e075a3885b' conflicts with other measure, other measure will be used instead
[openstudio.MeasureManager] <1> UUID of user measure at 'C:/Users/jrobert1/BCL/fc337100-8634-404e-8966-01243d292a79/c418b65d-aa8d-41c2-98b3-7ae3af82a788' conflicts with other measure, other measure will be used instead
[openstudio.MeasureManager] <1> UUID of user measure at 'C:/Users/jrobert1/BCL/e6642d40-7366-4647-8724-53a37991d579/662dc30c-678c-467d-a6be-15e075a3885b' conflicts with other measure, other measure will be used instead
[openstudio.MeasureManager] <1> UUID of user measure at 'C:/Users/jrobert1/BCL/fc337100-8634-404e-8966-01243d292a79/c418b65d-aa8d-41c2-98b3-7ae3af82a788' conflicts with other measure, other measure will be used instead
[openstudio.MeasureManager] <1> UUID of user measure at 'C:/Users/jrobert1/BCL/e6642d40-7366-4647-8724-53a37991d579/662dc30c-678c-467d-a6be-15e075a3885b' conflicts with other measure, other measure will be used instead
[openstudio.MeasureManager] <1> UUID of user measure at 'C:/Users/jrobert1/BCL/fc337100-8634-404e-8966-01243d292a79/c418b65d-aa8d-41c2-98b3-7ae3af82a788' conflicts with other measure, other measure will be used instead
[openstudio.MeasureManager] <1> UUID of user measure at 'C:/Users/jrobert1/BCL/e6642d40-7366-4647-8724-53a37991d579/662dc30c-678c-467d-a6be-15e075a3885b' conflicts with other measure, other measure will be used instead
[openstudio.MeasureManager] <1> UUID of user measure at 'C:/Users/jrobert1/BCL/fc337100-8634-404e-8966-01243d292a79/c418b65d-aa8d-41c2-98b3-7ae3af82a788' conflicts with other measure, other measure will be used instead
[openstudio.MeasureManager] <1> UUID of user measure at 'C:/Users/jrobert1/BCL/e6642d40-7366-4647-8724-53a37991d579/662dc30c-678c-467d-a6be-15e075a3885b' conflicts with other measure, other measure will be used instead
[openstudio.MeasureManager] <1> UUID of user measure at 'C:/Users/jrobert1/BCL/fc337100-8634-404e-8966-01243d292a79/c418b65d-aa8d-41c2-98b3-7ae3af82a788' conflicts with other measure, other measure will be used instead
[openstudio.MeasureManager] <1> UUID of user measure at 'C:/Users/jrobert1/BCL/e6642d40-7366-4647-8724-53a37991d579/662dc30c-678c-467d-a6be-15e075a3885b' conflicts with other measure, other measure will be used instead
[openstudio.MeasureManager] <1> UUID of user measure at 'C:/Users/jrobert1/BCL/fc337100-8634-404e-8966-01243d292a79/c418b65d-aa8d-41c2-98b3-7ae3af82a788' conflicts with other measure, other measure will be used instead
[openstudio.MeasureManager] <1> UUID of user measure at 'C:/Users/jrobert1/BCL/e6642d40-7366-4647-8724-53a37991d579/662dc30c-678c-467d-a6be-15e075a3885b' conflicts with other measure, other measure will be used instead
[openstudio.MeasureManager] <1> UUID of user measure at 'C:/Users/jrobert1/BCL/fc337100-8634-404e-8966-01243d292a79/c418b65d-aa8d-41c2-98b3-7ae3af82a788' conflicts with other measure, other measure will be used instead
[openstudio.MeasureManager] <1> UUID of user measure at 'C:/Users/jrobert1/BCL/e6642d40-7366-4647-8724-53a37991d579/662dc30c-678c-467d-a6be-15e075a3885b' conflicts with other measure, other measure will be used instead
[openstudio.MeasureManager] <1> UUID of user measure at 'C:/Users/jrobert1/BCL/fc337100-8634-404e-8966-01243d292a79/c418b65d-aa8d-41c2-98b3-7ae3af82a788' conflicts with other measure, other measure will be used instead
[openstudio.MeasureManager] <1> UUID of user measure at 'C:/Users/jrobert1/BCL/e6642d40-7366-4647-8724-53a37991d579/662dc30c-678c-467d-a6be-15e075a3885b' conflicts with other measure, other measure will be used instead
[openstudio.MeasureManager] <1> UUID of user measure at 'C:/Users/jrobert1/BCL/fc337100-8634-404e-8966-01243d292a79/c418b65d-aa8d-41c2-98b3-7ae3af82a788' conflicts with other measure, other measure will be used instead
[openstudio.MeasureManager] <1> UUID of user measure at 'C:/Users/jrobert1/BCL/e6642d40-7366-4647-8724-53a37991d579/662dc30c-678c-467d-a6be-15e075a3885b' conflicts with other measure, other measure will be used instead
[openstudio.MeasureManager] <1> UUID of user measure at 'C:/Users/jrobert1/BCL/fc337100-8634-404e-8966-01243d292a79/c418b65d-aa8d-41c2-98b3-7ae3af82a788' conflicts with other measure, other measure will be used instead
[openstudio.MeasureManager] <1> UUID of user measure at 'C:/Users/jrobert1/BCL/e6642d40-7366-4647-8724-53a37991d579/662dc30c-678c-467d-a6be-15e075a3885b' conflicts with other measure, other measure will be used instead
[openstudio.MeasureManager] <1> UUID of user measure at 'C:/Users/jrobert1/BCL/fc337100-8634-404e-8966-01243d292a79/c418b65d-aa8d-41c2-98b3-7ae3af82a788' conflicts with other measure, other measure will be used instead
[openstudio.MeasureManager] <1> UUID of user measure at 'C:/Users/jrobert1/BCL/e6642d40-7366-4647-8724-53a37991d579/662dc30c-678c-467d-a6be-15e075a3885b' conflicts with other measure, other measure will be used instead
[openstudio.MeasureManager] <1> UUID of user measure at 'C:/Users/jrobert1/BCL/fc337100-8634-404e-8966-01243d292a79/c418b65d-aa8d-41c2-98b3-7ae3af82a788' conflicts with other measure, other measure will be used instead
[openstudio.MeasureManager] <1> UUID of user measure at 'C:/Users/jrobert1/BCL/e6642d40-7366-4647-8724-53a37991d579/662dc30c-678c-467d-a6be-15e075a3885b' conflicts with other measure, other measure will be used instead
[openstudio.MeasureManager] <1> UUID of user measure at 'C:/Users/jrobert1/BCL/fc337100-8634-404e-8966-01243d292a79/c418b65d-aa8d-41c2-98b3-7ae3af82a788' conflicts with other measure, other measure will be used instead
[openstudio.MeasureManager] <1> UUID of user measure at 'C:/Users/jrobert1/BCL/e6642d40-7366-4647-8724-53a37991d579/662dc30c-678c-467d-a6be-15e075a3885b' conflicts with other measure, other measure will be used instead
[openstudio.MeasureManager] <1> UUID of user measure at 'C:/Users/jrobert1/BCL/fc337100-8634-404e-8966-01243d292a79/c418b65d-aa8d-41c2-98b3-7ae3af82a788' conflicts with other measure, other measure will be used instead
[openstudio.osversion.VersionTranslator] <-2> Starting translation from Version 1.7.5.
[openstudio.osversion.VersionTranslator] <-2> Initial model has 620 objects.
[utilities.idd.IddField] <-1> Field 'Rated Fan Power' of object 'OS:Refrigeration:GasCooler:AirCooled' is both required and has default value, setting required = false.
[utilities.idd.IddField] <-1> Field 'Capacity Rating Type' of object 'OS:Refrigeration:AirChiller' is both required and has default value, setting required = false.
[utilities.idd.IddField] <-1> Field 'Induction Ratio' of object 'OS:AirTerminal:SingleDuct:ConstantVolume:FourPipeInduction' is both required and has default value, setting required = false.
[utilities.idd.IddField] <-1> Field 'Free Convection Nominal Capacity Sizing Factor' of object 'OS:CoolingTower:TwoSpeed' is both required and has default value, setting required = false.
[utilities.idd.IddField] <-1> Field 'Low Speed Nominal Capacity Sizing Factor' of object 'OS:CoolingTower:TwoSpeed' is both required and has default value, setting required = false.
[utilities.idd.IddField] <-1> Field 'Heat Rejection Capacity and Nominal Capacity Sizing Ratio' of object 'OS:CoolingTower:TwoSpeed' is both required and has default value, setting required = false.
[utilities.idd.IddField] <-1> Field 'Free Convection U-Factor Times Area Value Sizing Factor' of object 'OS:CoolingTower:TwoSpeed' is both required and has default value, setting required = false.
[utilities.idd.IddField] <-1> Field 'Free Convection Regime Air Flow Rate Sizing Factor' of object 'OS:CoolingTower:TwoSpeed' is both required and has default value, setting required = false.
[utilities.idd.IddField] <-1> Field 'Low Fan Speed U-Factor Times Area Sizing Factor' of object 'OS:CoolingTower:TwoSpeed' is both required and has default value, setting required = false.
[utilities.idd.IddField] <-1> Field 'Low Fan Speed Fan Power Sizing Factor' of object 'OS:CoolingTower:TwoSpeed' is both required and has default value, setting required = false.
[utilities.idd.IddField] <-1> Field 'Low Fan Speed Air Flow Rate Sizing Factor' of object 'OS:CoolingTower:TwoSpeed' is both required and has default value, setting required = false.
[utilities.idd.IddField] <-1> Field 'Apply Latent Degradation to Speeds Greater than 1' of object 'OS:Coil:Cooling:DX:MultiSpeed' is both required and has default value, setting required = false.
[utilities.idd.IddField] <-1> Field 'Output Unit Type' of object 'OS:Table:MultiVariableLookup' is both required and has default value, setting required = false.
[utilities.idd.IddField] <-1> Field 'Input Unit Type for X5' of object 'OS:Table:MultiVariableLookup' is both required and has default value, setting required = false.
[utilities.idd.IddField] <-1> Field 'Input Unit Type for X4' of object 'OS:Table:MultiVariableLookup' is both required and has default value, setting required = false.
[utilities.idd.IddField] <-1> Field 'Input Unit Type for X3' of object 'OS:Table:MultiVariableLookup' is both required and has default value, setting required = false.
[utilities.idd.IddField] <-1> Field 'Input Unit Type for X2' of object 'OS:Table:MultiVariableLookup' is both required and has default value, setting required = false.
[utilities.idd.IddField] <-1> Field 'Input Unit Type for X1' of object 'OS:Table:MultiVariableLookup' is both required and has default value, setting required = false.
[utilities.idd.IddField] <-1> Field 'X2 Sort Order' of object 'OS:Table:MultiVariableLookup' is both required and has default value, setting required = false.
[utilities.idd.IddField] <-1> Field 'X1 Sort Order' of object 'OS:Table:MultiVariableLookup' is both required and has default value, setting required = false.
[utilities.idd.IddField] <-1> Field 'Table Data Format' of object 'OS:Table:MultiVariableLookup' is both required and has default value, setting required = false.
[utilities.idd.IddField] <-1> Field 'Number of Interpolation Points' of object 'OS:Table:MultiVariableLookup' is both required and has default value, setting required = false.
[utilities.idd.IddField] <-1> Field 'Interpolation Method' of object 'OS:Table:MultiVariableLookup' is both required and has default value, setting required = false.
[utilities.idd.IddField] <-1> Field 'Sizing Factor' of object 'OS:HeatExchanger:FluidToFluid' is both required and has default value, setting required = false.
[utilities.idd.IddField] <-1> Field 'Component Override Cooling Control Temperature Mode' of object 'OS:HeatExchanger:FluidToFluid' is both required and has default value, setting required = false.
[utilities.idd.IddField] <-1> Field 'Heat Transfer Metering End Use Type' of object 'OS:HeatExchanger:FluidToFluid' is both required and has default value, setting required = false.
[utilities.idd.IddField] <-1> Field 'Minimum Temperature Difference to Activate Heat Exchanger' of object 'OS:HeatExchanger:FluidToFluid' is both required and has default value, setting required = false.
[utilities.idd.IddField] <-1> Field 'Control Type' of object 'OS:HeatExchanger:FluidToFluid' is both required and has default value, setting required = false.
[utilities.idd.IddField] <-1> Field 'Heat Exchange Model Type' of object 'OS:HeatExchanger:FluidToFluid' is both required and has default value, setting required = false.
[utilities.idd.IddField] <-1> Field 'Efficiency' of object 'OS:ZoneHVAC:Baseboard:Convective:Electric' is both required and has default value, setting required = false.
[openstudio.osversion.VersionTranslator] <-2> Translation to 1.8.0 model has 620 objects.
[openstudio.osversion.VersionTranslator] <-2> Final model has 620 objects in IDF form.
[utilities.idf.Workspace] <-2> Workspace::isValid called.
[openstudio.osversion.VersionTranslator] <-2> Final model has 620 objects in Model form.
[openstudio.energyplus.ForwardTranslator] <1> No construction for either surface 'Surface 19', and 'Surface 23'
[openstudio.energyplus.ForwardTranslator] <1> No construction for either surface 'Surface 16', and 'Surface 7'
[openstudio.energyplus.ForwardTranslator] <1> No construction for either surface 'Surface 26', and 'Surface 31'
[openstudio.model.PlanarSurface] <-2> Before setVertices have 23 fields.
[openstudio.model.PlanarSurface] <-2> After clearExtensibleGroups in setVertices have 11 fields.
[openstudio.model.PlanarSurface] <-2> After setVertices have 23 fields.  Size of vertices is 4.
[openstudio.model.PlanarSurface] <-2> Before setVertices have 23 fields.
[openstudio.model.PlanarSurface] <-2> After clearExtensibleGroups in setVertices have 11 fields.
[openstudio.model.PlanarSurface] <-2> After setVertices have 23 fields.  Size of vertices is 4.
[openstudio.model.PlanarSurface] <-2> Before setVertices have 23 fields.
[openstudio.model.PlanarSurface] <-2> After clearExtensibleGroups in setVertices have 11 fields.
[openstudio.model.PlanarSurface] <-2> After setVertices have 23 fields.  Size of vertices is 4.
[openstudio.model.PlanarSurface] <-2> Before setVertices have 23 fields.
[openstudio.model.PlanarSurface] <-2> After clearExtensibleGroups in setVertices have 11 fields.
[openstudio.model.PlanarSurface] <-2> After setVertices have 23 fields.  Size of vertices is 4.
[openstudio.model.PlanarSurface] <-2> Before setVertices have 23 fields.
[openstudio.model.PlanarSurface] <-2> After clearExtensibleGroups in setVertices have 11 fields.
[openstudio.model.PlanarSurface] <-2> After setVertices have 23 fields.  Size of vertices is 4.
[openstudio.model.PlanarSurface] <-2> Before setVertices have 23 fields.
[openstudio.model.PlanarSurface] <-2> After clearExtensibleGroups in setVertices have 11 fields.
[openstudio.model.PlanarSurface] <-2> After setVertices have 23 fields.  Size of vertices is 4.
[openstudio.model.PlanarSurface] <-2> Before setVertices have 23 fields.
[openstudio.model.PlanarSurface] <-2> After clearExtensibleGroups in setVertices have 11 fields.
[openstudio.model.PlanarSurface] <-2> After setVertices have 23 fields.  Size of vertices is 4.
[openstudio.model.PlanarSurface] <-2> Before setVertices have 23 fields.
[openstudio.model.PlanarSurface] <-2> After clearExtensibleGroups in setVertices have 11 fields.
[openstudio.model.PlanarSurface] <-2> After setVertices have 23 fields.  Size of vertices is 4.
[openstudio.model.PlanarSurface] <-2> Before setVertices have 23 fields.
[openstudio.model.PlanarSurface] <-2> After clearExtensibleGroups in setVertices have 11 fields.
[openstudio.model.PlanarSurface] <-2> After setVertices have 23 fields.  Size of vertices is 4.
[openstudio.model.PlanarSurface] <-2> Before setVertices have 23 fields.
[openstudio.model.PlanarSurface] <-2> After clearExtensibleGroups in setVertices have 11 fields.
[openstudio.model.PlanarSurface] <-2> After setVertices have 23 fields.  Size of vertices is 4.
[openstudio.model.PlanarSurface] <-2> Before setVertices have 23 fields.
[openstudio.model.PlanarSurface] <-2> After clearExtensibleGroups in setVertices have 11 fields.
[openstudio.model.PlanarSurface] <-2> After setVertices have 23 fields.  Size of vertices is 4.
[openstudio.model.PlanarSurface] <-2> Before setVertices have 23 fields.
[openstudio.model.PlanarSurface] <-2> After clearExtensibleGroups in setVertices have 11 fields.
[openstudio.model.PlanarSurface] <-2> After setVertices have 23 fields.  Size of vertices is 4.
[openstudio.model.PlanarSurface] <-2> Before setVertices have 23 fields.
[openstudio.model.PlanarSurface] <-2> After clearExtensibleGroups in setVertices have 11 fields.
[openstudio.model.PlanarSurface] <-2> After setVertices have 23 fields.  Size of vertices is 4.
[openstudio.model.PlanarSurface] <-2> Before setVertices have 23 fields.
[openstudio.model.PlanarSurface] <-2> After clearExtensibleGroups in setVertices have 11 fields.
[openstudio.model.PlanarSurface] <-2> After setVertices have 23 fields.  Size of vertices is 4.
[openstudio.model.PlanarSurface] <-2> Before setVertices have 23 fields.
[openstudio.model.PlanarSurface] <-2> After clearExtensibleGroups in setVertices have 11 fields.
[openstudio.model.PlanarSurface] <-2> After setVertices have 23 fields.  Size of vertices is 4.
[openstudio.model.PlanarSurface] <-2> Before setVertices have 23 fields.
[openstudio.model.PlanarSurface] <-2> After clearExtensibleGroups in setVertices have 11 fields.
[openstudio.model.PlanarSurface] <-2> After setVertices have 23 fields.  Size of vertices is 4.
[openstudio.model.PlanarSurface] <-2> Before setVertices have 23 fields.
[openstudio.model.PlanarSurface] <-2> After clearExtensibleGroups in setVertices have 11 fields.
[openstudio.model.PlanarSurface] <-2> After setVertices have 23 fields.  Size of vertices is 4.
[openstudio.model.PlanarSurface] <-2> Before setVertices have 23 fields.
[openstudio.model.PlanarSurface] <-2> After clearExtensibleGroups in setVertices have 11 fields.
[openstudio.model.PlanarSurface] <-2> After setVertices have 23 fields.  Size of vertices is 4.
[openstudio.model.PlanarSurface] <-2> Before setVertices have 23 fields.
[openstudio.model.PlanarSurface] <-2> After clearExtensibleGroups in setVertices have 11 fields.
[openstudio.model.PlanarSurface] <-2> After setVertices have 23 fields.  Size of vertices is 4.
[openstudio.model.PlanarSurface] <-2> Before setVertices have 23 fields.
[openstudio.model.PlanarSurface] <-2> After clearExtensibleGroups in setVertices have 11 fields.
[openstudio.model.PlanarSurface] <-2> After setVertices have 23 fields.  Size of vertices is 4.
[openstudio.model.PlanarSurface] <-2> Before setVertices have 23 fields.
[openstudio.model.PlanarSurface] <-2> After clearExtensibleGroups in setVertices have 11 fields.
[openstudio.model.PlanarSurface] <-2> After setVertices have 23 fields.  Size of vertices is 4.
[openstudio.model.PlanarSurface] <-2> Before setVertices have 23 fields.
[openstudio.model.PlanarSurface] <-2> After clearExtensibleGroups in setVertices have 11 fields.
[openstudio.model.PlanarSurface] <-2> After setVertices have 23 fields.  Size of vertices is 4.
[openstudio.model.PlanarSurface] <-2> Before setVertices have 23 fields.
[openstudio.model.PlanarSurface] <-2> After clearExtensibleGroups in setVertices have 11 fields.
[openstudio.model.PlanarSurface] <-2> After setVertices have 23 fields.  Size of vertices is 4.
[openstudio.model.PlanarSurface] <-2> Before setVertices have 23 fields.
[openstudio.model.PlanarSurface] <-2> After clearExtensibleGroups in setVertices have 11 fields.
[openstudio.model.PlanarSurface] <-2> After setVertices have 23 fields.  Size of vertices is 4.
[openstudio.model.PlanarSurface] <-2> Before setVertices have 23 fields.
[openstudio.model.PlanarSurface] <-2> After clearExtensibleGroups in setVertices have 11 fields.
[openstudio.model.PlanarSurface] <-2> After setVertices have 23 fields.  Size of vertices is 4.
[openstudio.model.PlanarSurface] <-2> Before setVertices have 23 fields.
[openstudio.model.PlanarSurface] <-2> After clearExtensibleGroups in setVertices have 11 fields.
[openstudio.model.PlanarSurface] <-2> After setVertices have 23 fields.  Size of vertices is 4.
[openstudio.model.PlanarSurface] <-2> Before setVertices have 23 fields.
[openstudio.model.PlanarSurface] <-2> After clearExtensibleGroups in setVertices have 11 fields.
[openstudio.model.PlanarSurface] <-2> After setVertices have 23 fields.  Size of vertices is 4.
[openstudio.model.PlanarSurface] <-2> Before setVertices have 23 fields.
[openstudio.model.PlanarSurface] <-2> After clearExtensibleGroups in setVertices have 11 fields.
[openstudio.model.PlanarSurface] <-2> After setVertices have 23 fields.  Size of vertices is 4.
[openstudio.model.PlanarSurface] <-2> Before setVertices have 23 fields.
[openstudio.model.PlanarSurface] <-2> After clearExtensibleGroups in setVertices have 11 fields.
[openstudio.model.PlanarSurface] <-2> After setVertices have 23 fields.  Size of vertices is 4.
[openstudio.model.PlanarSurface] <-2> Before setVertices have 23 fields.
[openstudio.model.PlanarSurface] <-2> After clearExtensibleGroups in setVertices have 11 fields.
[openstudio.model.PlanarSurface] <-2> After setVertices have 23 fields.  Size of vertices is 4.
[openstudio.model.PlanarSurface] <-2> Before setVertices have 23 fields.
[openstudio.model.PlanarSurface] <-2> After clearExtensibleGroups in setVertices have 11 fields.
[openstudio.model.PlanarSurface] <-2> After setVertices have 23 fields.  Size of vertices is 4.
[openstudio.model.PlanarSurface] <-2> Before setVertices have 23 fields.
[openstudio.model.PlanarSurface] <-2> After clearExtensibleGroups in setVertices have 11 fields.
[openstudio.model.PlanarSurface] <-2> After setVertices have 23 fields.  Size of vertices is 4.
[openstudio.model.PlanarSurface] <-2> Before setVertices have 23 fields.
[openstudio.model.PlanarSurface] <-2> After clearExtensibleGroups in setVertices have 11 fields.
[openstudio.model.PlanarSurface] <-2> After setVertices have 23 fields.  Size of vertices is 4.
[openstudio.model.PlanarSurface] <-2> Before setVertices have 23 fields.
[openstudio.model.PlanarSurface] <-2> After clearExtensibleGroups in setVertices have 11 fields.
[openstudio.model.PlanarSurface] <-2> After setVertices have 23 fields.  Size of vertices is 4.
[openstudio.model.PlanarSurface] <-2> Before setVertices have 23 fields.
[openstudio.model.PlanarSurface] <-2> After clearExtensibleGroups in setVertices have 11 fields.
[openstudio.model.PlanarSurface] <-2> After setVertices have 23 fields.  Size of vertices is 4.
[openstudio.model.PlanarSurface] <-2> Before setVertices have 23 fields.
[openstudio.model.PlanarSurface] <-2> After clearExtensibleGroups in setVertices have 11 fields.
[openstudio.model.PlanarSurface] <-2> After setVertices have 23 fields.  Size of vertices is 4.
[openstudio.model.PlanarSurface] <-2> Before setVertices have 23 fields.
[openstudio.model.PlanarSurface] <-2> After clearExtensibleGroups in setVertices have 11 fields.
[openstudio.model.PlanarSurface] <-2> After setVertices have 23 fields.  Size of vertices is 4.
[openstudio.model.PlanarSurface] <-2> Before setVertices have 23 fields.
[openstudio.model.PlanarSurface] <-2> After clearExtensibleGroups in setVertices have 11 fields.
[openstudio.model.PlanarSurface] <-2> After setVertices have 23 fields.  Size of vertices is 4.
[openstudio.model.PlanarSurface] <-2> Before setVertices have 23 fields.
[openstudio.model.PlanarSurface] <-2> After clearExtensibleGroups in setVertices have 11 fields.
[openstudio.model.PlanarSurface] <-2> After setVertices have 23 fields.  Size of vertices is 4.
[openstudio.model.PlanarSurface] <-2> Before setVertices have 23 fields.
[openstudio.model.PlanarSurface] <-2> After clearExtensibleGroups in setVertices have 11 fields.
[openstudio.model.PlanarSurface] <-2> After setVertices have 23 fields.  Size of vertices is 4.
[openstudio.model.PlanarSurface] <-2> Before setVertices have 23 fields.
[openstudio.model.PlanarSurface] <-2> After clearExtensibleGroups in setVertices have 11 fields.
[openstudio.model.PlanarSurface] <-2> After setVertices have 23 fields.  Size of vertices is 4.
[openstudio.model.PlanarSurface] <-2> Before setVertices have 23 fields.
[openstudio.model.PlanarSurface] <-2> After clearExtensibleGroups in setVertices have 11 fields.
[openstudio.model.PlanarSurface] <-2> After setVertices have 23 fields.  Size of vertices is 4.
[openstudio.model.PlanarSurface] <-2> Before setVertices have 23 fields.
[openstudio.model.PlanarSurface] <-2> After clearExtensibleGroups in setVertices have 11 fields.
[openstudio.model.PlanarSurface] <-2> After setVertices have 23 fields.  Size of vertices is 4.
[openstudio.model.PlanarSurface] <-2> Before setVertices have 23 fields.
[openstudio.model.PlanarSurface] <-2> After clearExtensibleGroups in setVertices have 11 fields.
[openstudio.model.PlanarSurface] <-2> After setVertices have 23 fields.  Size of vertices is 4.
[openstudio.model.PlanarSurface] <-2> Before setVertices have 23 fields.
[openstudio.model.PlanarSurface] <-2> After clearExtensibleGroups in setVertices have 11 fields.
[openstudio.model.PlanarSurface] <-2> After setVertices have 23 fields.  Size of vertices is 4.
[openstudio.model.PlanarSurface] <-2> Before setVertices have 23 fields.
[openstudio.model.PlanarSurface] <-2> After clearExtensibleGroups in setVertices have 11 fields.
[openstudio.model.PlanarSurface] <-2> After setVertices have 23 fields.  Size of vertices is 4.
[openstudio.model.PlanarSurface] <-2> Before setVertices have 23 fields.
[openstudio.model.PlanarSurface] <-2> After clearExtensibleGroups in setVertices have 11 fields.
[openstudio.model.PlanarSurface] <-2> After setVertices have 23 fields.  Size of vertices is 4.
[openstudio.model.PlanarSurface] <-2> Before setVertices have 23 fields.
[openstudio.model.PlanarSurface] <-2> After clearExtensibleGroups in setVertices have 11 fields.
[openstudio.model.PlanarSurface] <-2> After setVertices have 23 fields.  Size of vertices is 4.
[openstudio.model.PlanarSurface] <-2> Before setVertices have 23 fields.
[openstudio.model.PlanarSurface] <-2> After clearExtensibleGroups in setVertices have 11 fields.
[openstudio.model.PlanarSurface] <-2> After setVertices have 23 fields.  Size of vertices is 4.
[openstudio.model.PlanarSurface] <-2> Before setVertices have 23 fields.
[openstudio.model.PlanarSurface] <-2> After clearExtensibleGroups in setVertices have 11 fields.
[openstudio.model.PlanarSurface] <-2> After setVertices have 23 fields.  Size of vertices is 4.
[openstudio.model.PlanarSurface] <-2> Before setVertices have 23 fields.
[openstudio.model.PlanarSurface] <-2> After clearExtensibleGroups in setVertices have 11 fields.
[openstudio.model.PlanarSurface] <-2> After setVertices have 23 fields.  Size of vertices is 4.
[openstudio.model.PlanarSurface] <-2> Before setVertices have 23 fields.
[openstudio.model.PlanarSurface] <-2> After clearExtensibleGroups in setVertices have 11 fields.
[openstudio.model.PlanarSurface] <-2> After setVertices have 23 fields.  Size of vertices is 4.
[openstudio.model.PlanarSurface] <-2> Before setVertices have 23 fields.
[openstudio.model.PlanarSurface] <-2> After clearExtensibleGroups in setVertices have 11 fields.
[openstudio.model.PlanarSurface] <-2> After setVertices have 23 fields.  Size of vertices is 4.
[openstudio.model.PlanarSurface] <-2> Before setVertices have 20 fields.
[openstudio.model.PlanarSurface] <-2> After clearExtensibleGroups in setVertices have 11 fields.
[openstudio.model.PlanarSurface] <-2> After setVertices have 20 fields.  Size of vertices is 3.
[openstudio.model.PlanarSurface] <-2> Before setVertices have 23 fields.
[openstudio.model.PlanarSurface] <-2> After clearExtensibleGroups in setVertices have 11 fields.
[openstudio.model.PlanarSurface] <-2> After setVertices have 23 fields.  Size of vertices is 4.
[openstudio.model.PlanarSurface] <-2> Before setVertices have 23 fields.
[openstudio.model.PlanarSurface] <-2> After clearExtensibleGroups in setVertices have 11 fields.
[openstudio.model.PlanarSurface] <-2> After setVertices have 23 fields.  Size of vertices is 4.
[openstudio.model.PlanarSurface] <-2> Before setVertices have 23 fields.
[openstudio.model.PlanarSurface] <-2> After clearExtensibleGroups in setVertices have 11 fields.
[openstudio.model.PlanarSurface] <-2> After setVertices have 23 fields.  Size of vertices is 4.
[openstudio.model.PlanarSurface] <-2> Before setVertices have 23 fields.
[openstudio.model.PlanarSurface] <-2> After clearExtensibleGroups in setVertices have 11 fields.
[openstudio.model.PlanarSurface] <-2> After setVertices have 23 fields.  Size of vertices is 4.
[openstudio.model.PlanarSurface] <-2> Before setVertices have 23 fields.
[openstudio.model.PlanarSurface] <-2> After clearExtensibleGroups in setVertices have 11 fields.
[openstudio.model.PlanarSurface] <-2> After setVertices have 23 fields.  Size of vertices is 4.
[openstudio.model.PlanarSurface] <-2> Before setVertices have 20 fields.
[openstudio.model.PlanarSurface] <-2> After clearExtensibleGroups in setVertices have 11 fields.
[openstudio.model.PlanarSurface] <-2> After setVertices have 20 fields.  Size of vertices is 3.
[utilities.idd.IddField] <-1> Field 'Number of Timesteps per Hour' of object 'Timestep' is both required and has default value, setting required = false.
[openstudio.energyplus.ForwardTranslator] <-1> SpaceType attic spacetype has no children, it will not be translated
[openstudio.energyplus.ForwardTranslator] <-1> SpaceType garage spacetype has no children, it will not be translated
[openstudio.energyplus.ForwardTranslator] <-1> SpaceType living spacetype has no children, it will not be translated
[utilities.idd.IddField] <-1> Field 'Column Separator' of object 'OutputControl:Table:Style' is both required and has default value, setting required = false.
